# JRE version: OpenJDK Runtime Environment (8.0_242-b01) (build 1.8.0_242-release-1644-b01)
# Java VM: OpenJDK 64-Bit Server VM (25.242-b01 mixed mode windows-amd64 compressed oops)
Heap:
 PSYoungGen      total 47104K, used 30870K [0x00000000d5580000, 0x00000000d9880000, 0x0000000100000000)
  eden space 40448K, 59% used [0x00000000d5580000,0x00000000d6d25eb0,0x00000000d7d00000)
  from space 6656K, 99% used [0x00000000d7d00000,0x00000000d837fc88,0x00000000d8380000)
  to   space 8192K, 0% used [0x00000000d9080000,0x00000000d9080000,0x00000000d9880000)
 ParOldGen       total 35328K, used 10770K [0x0000000080000000, 0x0000000082280000, 0x00000000d5580000)
  object space 35328K, 30% used [0x0000000080000000,0x0000000080a84958,0x0000000082280000)
 Metaspace       used 32914K, capacity 34152K, committed 34560K, reserved 1079296K
  class space    used 4439K, capacity 4743K, committed 4864K, reserved 1048576K
GC Heap History (10 events):
Event: 20.660 GC heap before
{Heap before GC invocations=8 (full 0):
 PSYoungGen      total 33792K, used 23051K [0x00000000d5580000, 0x00000000d8c80000, 0x0000000100000000)
  eden space 28160K, 63% used [0x00000000d5580000,0x00000000d66faca0,0x00000000d7100000)
  from space 5632K, 91% used [0x00000000d8480000,0x00000000d8988030,0x00000000d8a00000)
  to   space 2560K, 0% used [0x00000000d8a00000,0x00000000d8a00000,0x00000000d8c80000)
 ParOldGen       total 38400K, used 9050K [0x0000000080000000, 0x0000000082580000, 0x00000000d5580000)
  object space 38400K, 23% used [0x0000000080000000,0x00000000808d6b18,0x0000000082580000)
 Metaspace       used 20447K, capacity 21146K, committed 21248K, reserved 1067008K
  class space    used 2850K, capacity 3033K, committed 3072K, reserved 1048576K
Event: 20.668 GC heap after
Heap after GC invocations=8 (full 0):
 PSYoungGen      total 30208K, used 2548K [0x00000000d5580000, 0x00000000d8c80000, 0x0000000100000000)
  eden space 27648K, 0% used [0x00000000d5580000,0x00000000d5580000,0x00000000d7080000)
  from space 2560K, 99% used [0x00000000d8a00000,0x00000000d8c7d030,0x00000000d8c80000)
  to   space 7168K, 0% used [0x00000000d7e80000,0x00000000d7e80000,0x00000000d8580000)
 ParOldGen       total 38400K, used 11371K [0x0000000080000000, 0x0000000082580000, 0x00000000d5580000)
  object space 38400K, 29% used [0x0000000080000000,0x0000000080b1afc0,0x0000000082580000)
 Metaspace       used 20447K, capacity 21146K, committed 21248K, reserved 1067008K
  class space    used 2850K, capacity 3033K, committed 3072K, reserved 1048576K
}
Event: 20.695 GC heap before
{Heap before GC invocations=9 (full 1):
 PSYoungGen      total 30208K, used 2548K [0x00000000d5580000, 0x00000000d8c80000, 0x0000000100000000)
  eden space 27648K, 0% used [0x00000000d5580000,0x00000000d5580000,0x00000000d7080000)
  from space 2560K, 99% used [0x00000000d8a00000,0x00000000d8c7d030,0x00000000d8c80000)
  to   space 7168K, 0% used [0x00000000d7e80000,0x00000000d7e80000,0x00000000d8580000)
 ParOldGen       total 38400K, used 11371K [0x0000000080000000, 0x0000000082580000, 0x00000000d5580000)
  object space 38400K, 29% used [0x0000000080000000,0x0000000080b1afc0,0x0000000082580000)
 Metaspace       used 20447K, capacity 21146K, committed 21248K, reserved 1067008K
  class space    used 2850K, capacity 3033K, committed 3072K, reserved 1048576K
Event: 20.821 GC heap after
Heap after GC invocations=9 (full 1):
 PSYoungGen      total 30208K, used 0K [0x00000000d5580000, 0x00000000d8c80000, 0x0000000100000000)
  eden space 27648K, 0% used [0x00000000d5580000,0x00000000d5580000,0x00000000d7080000)
  from space 2560K, 0% used [0x00000000d8a00000,0x00000000d8a00000,0x00000000d8c80000)
  to   space 7168K, 0% used [0x00000000d7e80000,0x00000000d7e80000,0x00000000d8580000)
 ParOldGen       total 35328K, used 9401K [0x0000000080000000, 0x0000000082280000, 0x00000000d5580000)
  object space 35328K, 26% used [0x0000000080000000,0x000000008092e760,0x0000000082280000)
 Metaspace       used 20447K, capacity 21146K, committed 21248K, reserved 1067008K
  class space    used 2850K, capacity 3033K, committed 3072K, reserved 1048576K
}
Event: 21.946 GC heap before
{Heap before GC invocations=10 (full 1):
 PSYoungGen      total 30208K, used 27648K [0x00000000d5580000, 0x00000000d8c80000, 0x0000000100000000)
  eden space 27648K, 100% used [0x00000000d5580000,0x00000000d7080000,0x00000000d7080000)
  from space 2560K, 0% used [0x00000000d8a00000,0x00000000d8a00000,0x00000000d8c80000)
  to   space 7168K, 0% used [0x00000000d7e80000,0x00000000d7e80000,0x00000000d8580000)
 ParOldGen       total 35328K, used 9401K [0x0000000080000000, 0x0000000082280000, 0x00000000d5580000)
  object space 35328K, 26% used [0x0000000080000000,0x000000008092e760,0x0000000082280000)
 Metaspace       used 21915K, capacity 22808K, committed 23168K, reserved 1069056K
  class space    used 3090K, capacity 3342K, committed 3456K, reserved 1048576K
Event: 21.956 GC heap after
Heap after GC invocations=10 (full 1):
 PSYoungGen      total 39424K, used 2451K [0x00000000d5580000, 0x00000000d8a80000, 0x0000000100000000)
  eden space 36864K, 0% used [0x00000000d5580000,0x00000000d5580000,0x00000000d7980000)
  from space 2560K, 95% used [0x00000000d7e80000,0x00000000d80e4f30,0x00000000d8100000)
  to   space 7168K, 0% used [0x00000000d8380000,0x00000000d8380000,0x00000000d8a80000)
 ParOldGen       total 35328K, used 9409K [0x0000000080000000, 0x0000000082280000, 0x00000000d5580000)
  object space 35328K, 26% used [0x0000000080000000,0x0000000080930760,0x0000000082280000)
 Metaspace       used 21915K, capacity 22808K, committed 23168K, reserved 1069056K
  class space    used 3090K, capacity 3342K, committed 3456K, reserved 1048576K
}
Event: 23.914 GC heap before
{Heap before GC invocations=11 (full 1):
 PSYoungGen      total 39424K, used 39315K [0x00000000d5580000, 0x00000000d8a80000, 0x0000000100000000)
  eden space 36864K, 100% used [0x00000000d5580000,0x00000000d7980000,0x00000000d7980000)
  from space 2560K, 95% used [0x00000000d7e80000,0x00000000d80e4f30,0x00000000d8100000)
  to   space 7168K, 0% used [0x00000000d8380000,0x00000000d8380000,0x00000000d8a80000)
 ParOldGen       total 35328K, used 9409K [0x0000000080000000, 0x0000000082280000, 0x00000000d5580000)
  object space 35328K, 26% used [0x0000000080000000,0x0000000080930760,0x0000000082280000)
 Metaspace       used 24891K, capacity 25950K, committed 26112K, reserved 1071104K
  class space    used 3563K, capacity 3817K, committed 3840K, reserved 1048576K
Event: 23.922 GC heap after
Heap after GC invocations=11 (full 1):
 PSYoungGen      total 47616K, used 4539K [0x00000000d5580000, 0x00000000d9200000, 0x0000000100000000)
  eden space 40448K, 0% used [0x00000000d5580000,0x00000000d5580000,0x00000000d7d00000)
  from space 7168K, 63% used [0x00000000d8380000,0x00000000d87eef20,0x00000000d8a80000)
  to   space 6656K, 0% used [0x00000000d7d00000,0x00000000d7d00000,0x00000000d8380000)
 ParOldGen       total 35328K, used 9417K [0x0000000080000000, 0x0000000082280000, 0x00000000d5580000)
  object space 35328K, 26% used [0x0000000080000000,0x0000000080932760,0x0000000082280000)
 Metaspace       used 24891K, capacity 25950K, committed 26112K, reserved 1071104K
  class space    used 3563K, capacity 3817K, committed 3840K, reserved 1048576K
}
Event: 29.302 GC heap before
{Heap before GC invocations=12 (full 1):
 PSYoungGen      total 47616K, used 44987K [0x00000000d5580000, 0x00000000d9200000, 0x0000000100000000)
  eden space 40448K, 100% used [0x00000000d5580000,0x00000000d7d00000,0x00000000d7d00000)
  from space 7168K, 63% used [0x00000000d8380000,0x00000000d87eef20,0x00000000d8a80000)
  to   space 6656K, 0% used [0x00000000d7d00000,0x00000000d7d00000,0x00000000d8380000)
 ParOldGen       total 35328K, used 9417K [0x0000000080000000, 0x0000000082280000, 0x00000000d5580000)
  object space 35328K, 26% used [0x0000000080000000,0x0000000080932760,0x0000000082280000)
 Metaspace       used 31695K, capacity 32782K, committed 33024K, reserved 1077248K
  class space    used 4260K, capacity 4548K, committed 4608K, reserved 1048576K
Event: 29.312 GC heap after
Heap after GC invocations=12 (full 1):
 PSYoungGen      total 47104K, used 6655K [0x00000000d5580000, 0x00000000d9880000, 0x0000000100000000)
  eden space 40448K, 0% used [0x00000000d5580000,0x00000000d5580000,0x00000000d7d00000)
  from space 6656K, 99% used [0x00000000d7d00000,0x00000000d837fc88,0x00000000d8380000)
  to   space 8192K, 0% used [0x00000000d9080000,0x00000000d9080000,0x00000000d9880000)
 ParOldGen       total 35328K, used 10770K [0x0000000080000000, 0x0000000082280000, 0x00000000d5580000)
  object space 35328K, 30% used [0x0000000080000000,0x0000000080a84958,0x0000000082280000)
 Metaspace       used 31695K, capacity 32782K, committed 33024K, reserved 1077248K
  class space    used 4260K, capacity 4548K, committed 4608K, reserved 1048576K
}

